C51 COMPILER V9.59.0.0   MAIN                                                              12/25/2018 19:53:57 PAGE 1   


C51 COMPILER V9.59.0.0, COMPILATION OF MODULE MAIN
OBJECT MODULE PLACED IN .\Objects\main.obj
COMPILER INVOKED BY: F:\Keil C51\C51\BIN\C51.EXE ..\TmpCode\main.c OPTIMIZE(8,SPEED) BROWSE INCDIR(..\TmpCode) DEBUG OBJ
                    -ECTEXTEND PRINT(.\Listings\main.lst) TABS(2) OBJECT(.\Objects\main.obj)

line level    source

   1          #include "Uart.h"
   2          #include "ADC.h"
   3          
   4          void main()
   5          {
   6   1        InitUart();
   7   1        InitADC();
   8   1        
   9   1        while(1)
  10   1        {
  11   2          LED = !LED;
  12   2          Delay(100);
  13   2        }
  14   1      }


MODULE INFORMATION:   STATIC OVERLAYABLE
   CODE SIZE        =     17    ----
   CONSTANT SIZE    =   ----    ----
   XDATA SIZE       =   ----    ----
   PDATA SIZE       =   ----    ----
   DATA SIZE        =   ----    ----
   IDATA SIZE       =   ----    ----
   BIT SIZE         =   ----    ----
END OF MODULE INFORMATION.


C51 COMPILATION COMPLETE.  0 WARNING(S),  0 ERROR(S)
