C51 COMPILER V9.59.0.0   SEG8LED_DISP                                                      12/19/2018 23:41:27 PAGE 1   


C51 COMPILER V9.59.0.0, COMPILATION OF MODULE SEG8LED_DISP
OBJECT MODULE PLACED IN .\Objects\Seg8LED_Disp.obj
COMPILER INVOKED BY: F:\Keil C51\C51\BIN\C51.EXE ..\Code\Seg8LED_Disp.c OPTIMIZE(8,SPEED) BROWSE INCDIR(..\Code) DEBUG O
                    -BJECTEXTEND PRINT(.\Listings\Seg8LED_Disp.lst) TABS(2) OBJECT(.\Objects\Seg8LED_Disp.obj)

line level    source

   1          #include "Seg8LED_Disp.h"
   2          #include "STC12C5A60S2.h"
   3          
   4          sbit SM_G1 = P2^0;
   5          sbit SM_G2 = P2^1;
   6          sbit SM_G3 = P2^2;
   7          sbit SM_G4 = P2^3;
   8          
   9          unsigned short LEDNum[10] = {0x03, 0x9F, 0x25, 0x0d, 0x99, 0x49, 0x41, 0x1F, 0x01, 0x09};
  10          
  11          static void ShowEachBit(unsigned char LEDbit, unsigned char num);
  12          
  13          static void ShowEachBit(unsigned char LEDbit, unsigned char num)
  14          {
  15   1        switch(LEDbit)
  16   1        {
  17   2          case 4:
  18   2            SM_G1 = 0;
  19   2            SM_G2 = 1;
  20   2            SM_G3 = 1;
  21   2            SM_G4 = 1;
  22   2            break;
  23   2          case 3:
  24   2            SM_G1 = 1;
  25   2            SM_G2 = 0;
  26   2            SM_G3 = 1;
  27   2            SM_G4 = 1;
  28   2            break;
  29   2          case 2:
  30   2            SM_G1 = 1;
  31   2            SM_G2 = 1;
  32   2            SM_G3 = 0;
  33   2            SM_G4 = 1;
  34   2            break;
  35   2          case 1:
  36   2            SM_G1 = 1;
  37   2            SM_G2 = 1;
  38   2            SM_G3 = 1;
  39   2            SM_G4 = 0;
  40   2            break;
  41   2          default:
  42   2            break;
  43   2        }
  44   1        
  45   1        P0 = LEDNum[num];
  46   1      }
  47          
  48          void ShowNum(unsigned int num)
  49          {
  50   1        unsigned long int i;
  51   1        unsigned char bit1, bit2, bit3, bit4;
  52   1      
  53   1        if(num > 9999)
  54   1        {
C51 COMPILER V9.59.0.0   SEG8LED_DISP                                                      12/19/2018 23:41:27 PAGE 2   

  55   2          num = 9999;
  56   2        }
  57   1        
  58   1        bit4 = num / 1000;
  59   1        bit3 = (num % 1000) / 100;
  60   1        bit2 = (num % 100) / 10;
  61   1        bit1 = num % 10;
  62   1        
  63   1        ShowEachBit(4, bit4);
  64   1        for(i = 0; i < 50; i++);
  65   1        ShowEachBit(3, bit3);
  66   1        for(i = 0; i < 50; i++);
  67   1        ShowEachBit(2, bit2);
  68   1        for(i = 0; i < 50; i++);
  69   1        ShowEachBit(1, bit1);  
  70   1        for(i = 0; i < 50; i++);
  71   1      }


MODULE INFORMATION:   STATIC OVERLAYABLE
   CODE SIZE        =    390    ----
   CONSTANT SIZE    =   ----    ----
   XDATA SIZE       =   ----    ----
   PDATA SIZE       =   ----    ----
   DATA SIZE        =     20       8
   IDATA SIZE       =   ----    ----
   BIT SIZE         =   ----    ----
END OF MODULE INFORMATION.


C51 COMPILATION COMPLETE.  0 WARNING(S),  0 ERROR(S)
