C51 COMPILER V9.59.0.0   UART                                                              12/19/2018 23:41:27 PAGE 1   


C51 COMPILER V9.59.0.0, COMPILATION OF MODULE UART
OBJECT MODULE PLACED IN .\Objects\Uart.obj
COMPILER INVOKED BY: F:\Keil C51\C51\BIN\C51.EXE ..\Code\Uart.c OPTIMIZE(8,SPEED) BROWSE INCDIR(..\Code) DEBUG OBJECTEXT
                    -END PRINT(.\Listings\Uart.lst) TABS(2) OBJECT(.\Objects\Uart.obj)

line level    source

   1          #include "STC12C5A60S2.h"
   2          #include "Uart.h"
   3          
   4          #define BRTR_OPEN    0x10
   5          #define S1BRS_BRT_ON 0x01
   6          
   7          static void __Uart1_Send_ISR();
   8          static void __Uart1_Recv_ISR();
   9          
  10          void InitUart()
  11          {
  12   1        SCON = 0x50;
  13   1        BRT = 0xfd;
  14   1        AUXR = BRTR_OPEN | S1BRS_BRT_ON;
  15   1        ES = 1;
  16   1        EA = 1;
  17   1      }
  18          
  19          void Uart1_ISR() interrupt 4
  20          {
  21   1        if(TI == 1)
  22   1        {
  23   2          TI = 0;
  24   2          __Uart1_Send_ISR();
  25   2        }
  26   1        else if(RI == 1)
  27   1        {
  28   2          RI = 0;
  29   2          __Uart1_Recv_ISR();
  30   2        }
  31   1      }
  32          
  33          void SendData(BYTE dat)
  34          {
  35   1        while(!TI);
  36   1        TI = 0;
  37   1        SBUF = dat;
  38   1      }
  39          
  40          static void __Uart1_Send_ISR()
  41          {
  42   1        
  43   1      }
  44          
  45          static void __Uart1_Recv_ISR()
  46          {
  47   1        BYTE Uart_Tmp;
  48   1        Uart_Tmp = SBUF;
  49   1        SBUF = Uart_Tmp;
  50   1      }


MODULE INFORMATION:   STATIC OVERLAYABLE
   CODE SIZE        =    102    ----
C51 COMPILER V9.59.0.0   UART                                                              12/19/2018 23:41:27 PAGE 2   

   CONSTANT SIZE    =   ----    ----
   XDATA SIZE       =   ----    ----
   PDATA SIZE       =   ----    ----
   DATA SIZE        =   ----    ----
   IDATA SIZE       =   ----    ----
   BIT SIZE         =   ----    ----
END OF MODULE INFORMATION.


C51 COMPILATION COMPLETE.  0 WARNING(S),  0 ERROR(S)
