C51 COMPILER V9.59.0.0   UART                                                              12/04/2018 23:21:11 PAGE 1   


C51 COMPILER V9.59.0.0, COMPILATION OF MODULE UART
OBJECT MODULE PLACED IN .\Objects\Uart.obj
COMPILER INVOKED BY: F:\Keil C51\C51\BIN\C51.EXE ..\Code\Uart.c OPTIMIZE(8,SPEED) BROWSE INCDIR(..\Code) DEBUG OBJECTEXT
                    -END PRINT(.\Listings\Uart.lst) TABS(2) OBJECT(.\Objects\Uart.obj)

line level    source

   1          #include "STC12C5A60S2.h"
   2          #include "Uart.h"
   3          
   4          static void __Uart1_Send_ISR();
   5          static void __Uart1_Recv_ISR();
   6          
   7          void Uart1_ISR() interrupt 4
   8          {
   9   1        if(TI == 1)
  10   1        {
  11   2          TI = 0;
  12   2          __Uart1_Send_ISR();
  13   2        }
  14   1        else if(RI == 1)
  15   1        {
  16   2          RI = 0;
  17   2          __Uart1_Recv_ISR();
  18   2        }
  19   1      }
  20          
  21          static void __Uart1_Send_ISR()
  22          {
  23   1        
  24   1      }
  25          
  26          static void __Uart1_Recv_ISR()
  27          {
  28   1        uint8 Uart_Tmp;
  29   1        
  30   1        Uart_Tmp = SBUF;
  31   1        SBUF = Uart_Tmp + 5;
  32   1      }
  33          
  34          void Uart1_Init()
  35          {
  36   1        REN = 1;
  37   1        SM0 = 0;
  38   1        SM1 = 1;
  39   1        TR1 = 1;
  40   1        TMOD = 0x20;
  41   1        TH1 = 0xfd;
  42   1        TL1 = 0xfd;
  43   1        SCON = 0x50;
  44   1        ES = 1;
  45   1        PS = 0;
  46   1        EA = 1;
  47   1      }


MODULE INFORMATION:   STATIC OVERLAYABLE
   CODE SIZE        =    110    ----
   CONSTANT SIZE    =   ----    ----
   XDATA SIZE       =   ----    ----
   PDATA SIZE       =   ----    ----
C51 COMPILER V9.59.0.0   UART                                                              12/04/2018 23:21:11 PAGE 2   

   DATA SIZE        =   ----    ----
   IDATA SIZE       =   ----    ----
   BIT SIZE         =   ----    ----
END OF MODULE INFORMATION.


C51 COMPILATION COMPLETE.  0 WARNING(S),  0 ERROR(S)
