C51 COMPILER V9.59.0.0   MAIN                                                              12/05/2018 00:02:44 PAGE 1   


C51 COMPILER V9.59.0.0, COMPILATION OF MODULE MAIN
OBJECT MODULE PLACED IN .\Objects\main.obj
COMPILER INVOKED BY: F:\Keil C51\C51\BIN\C51.EXE ..\Code\main.c OPTIMIZE(8,SPEED) BROWSE INCDIR(..\Code) DEBUG OBJECTEXT
                    -END PRINT(.\Listings\main.lst) TABS(2) OBJECT(.\Objects\main.obj)

line level    source

   1          #include "STC12C5A60S2.h"
   2          
   3          typedef unsigned char uint8;
   4          
   5          void Uart1_Init();
   6          
   7          void main()
   8          {
   9   1        uint8 Uart_Tmp;
  10   1        Uart1_Init();
  11   1      
  12   1        while(1)
  13   1        {
  14   2          while(RI == 0)
  15   2          {
  16   3            
  17   3          }
  18   2          RI = 0;
  19   2          Uart_Tmp = SBUF;
  20   2          SBUF = Uart_Tmp + 5;
  21   2          
  22   2          while(TI == 0)
  23   2          {
  24   3          }
  25   2          TI = 0;
  26   2        }
  27   1      }
  28          
  29          void Uart1_Init()
  30          {
  31   1        REN = 1;
  32   1        SM0 = 0;
  33   1        SM1 = 1;
  34   1        TR1 = 1;
  35   1        TMOD = 0x20;
  36   1        TH1 = 0xfd;
  37   1        TL1 = 0xfd;
  38   1        SCON = 0x50;
  39   1        ES = 1;
  40   1        PS = 0;
  41   1        EA = 1;
  42   1      }


MODULE INFORMATION:   STATIC OVERLAYABLE
   CODE SIZE        =     49    ----
   CONSTANT SIZE    =   ----    ----
   XDATA SIZE       =   ----    ----
   PDATA SIZE       =   ----    ----
   DATA SIZE        =   ----    ----
   IDATA SIZE       =   ----    ----
   BIT SIZE         =   ----    ----
END OF MODULE INFORMATION.


C51 COMPILATION COMPLETE.  0 WARNING(S),  0 ERROR(S)
