C51 COMPILER V9.59.0.0   MAIN                                                              10/08/2018 16:43:21 PAGE 1   


C51 COMPILER V9.59.0.0, COMPILATION OF MODULE MAIN
OBJECT MODULE PLACED IN .\Objects\main.obj
COMPILER INVOKED BY: F:\Keil_C51\C51\BIN\C51.EXE ..\Code\main.c OPTIMIZE(8,SPEED) BROWSE INCDIR(..\Code) DEBUG OBJECTEXT
                    -END PRINT(.\Listings\main.lst) TABS(2) OBJECT(.\Objects\main.obj)

line level    source

   1          #include <STC12C5A60S2.h>
   2          
   3          sbit Key1 = P3^2;
   4          sbit Key2 = P3^4;
   5          
   6          sbit SM_G1 = P2^0;
   7          sbit SM_G2 = P2^1;
   8          sbit SM_G3 = P2^2;
   9          sbit SM_G4 = P2^3;
  10          
  11          sbit BEEP = P1^0;
  12          
  13          unsigned short LEDNum[10] = {0x03, 0x9F, 0x25, 0x0d, 0x99, 0x49, 0x41, 0x1F, 0x01, 0x09};
  14          
  15          void main()
  16          {
  17   1        unsigned long int i = 0;
  18   1        unsigned int num1 = 0, num2 = 0;
  19   1        
  20   1        P1M0 = 0x01;              //设置P1.0为推挽输出，这样蜂鸣器才会响
  21   1        
  22   1        while(1)
  23   1        {
  24   2          if(Key1 == 0)
  25   2          {
  26   3            SM_G1 = 1;
  27   3            SM_G2 = 1;
  28   3            SM_G3 = 1;
  29   3            SM_G4 = 0;
  30   3            BEEP = 1;
  31   3            
  32   3            P0 = LEDNum[num1];
  33   3            num1++;
  34   3            
  35   3            if(num1 > 9)
  36   3            {
  37   4              num1 = 0;
  38   4            }
  39   3            for(i = 0; i < 50000; i++);
  40   3          }
  41   2          else
  42   2          {
  43   3            num1 = 0;
  44   3            P0 = 0xFF;
  45   3            BEEP = 0;
  46   3          }
  47   2          
  48   2          if(Key2 == 0)
  49   2          {
  50   3            SM_G1 = 1;
  51   3            SM_G2 = 1;
  52   3            SM_G3 = 0;
  53   3            SM_G4 = 1;
  54   3            BEEP = 1;
C51 COMPILER V9.59.0.0   MAIN                                                              10/08/2018 16:43:21 PAGE 2   

  55   3            
  56   3            P0 = LEDNum[num2];
  57   3            num2++;
  58   3            if(num2 > 9)
  59   3            {
  60   4              num2 = 0;
  61   4            }
  62   3            for(i = 0; i < 50000; i++);
  63   3          }
  64   2          else
  65   2          {
  66   3            num2 = 0;
  67   3            P0 = 0xFF;
  68   3            BEEP = 0;
  69   3          }
  70   2        }
  71   1      }


MODULE INFORMATION:   STATIC OVERLAYABLE
   CODE SIZE        =    240    ----
   CONSTANT SIZE    =   ----    ----
   XDATA SIZE       =   ----    ----
   PDATA SIZE       =   ----    ----
   DATA SIZE        =     20       6
   IDATA SIZE       =   ----    ----
   BIT SIZE         =   ----    ----
END OF MODULE INFORMATION.


C51 COMPILATION COMPLETE.  0 WARNING(S),  0 ERROR(S)
