--------------------------------------------------------------------------------
Release 14.3 Trace  (nt64)
Copyright (c) 1995-2012 Xilinx, Inc.  All rights reserved.

C:\Xilinx\14.3\ISE_DS\ISE\bin\nt64\unwrapped\trce.exe -intstyle ise -v 3 -s 4
-n 3 -fastpaths -xml adder.twx adder.ncd -o adder.twr adder.pcf

Design file:              adder.ncd
Physical constraint file: adder.pcf
Device,package,speed:     xc3s250e,tq144,-4 (PRODUCTION 1.27 2012-10-12)
Report level:             verbose report

Environment Variable      Effect 
--------------------      ------ 
NONE                      No environment variables were set
--------------------------------------------------------------------------------

INFO:Timing:2698 - No timing constraints found, doing default enumeration.
INFO:Timing:3412 - To improve timing, see the Timing Closure User Guide (UG612).
INFO:Timing:2752 - To get complete path coverage, use the unconstrained paths 
   option. All paths that are not constrained will be reported in the 
   unconstrained paths section(s) of the report.
INFO:Timing:3339 - The clock-to-out numbers in this timing report are based on 
   a 50 Ohm transmission line loading model.  For the details of this model, 
   and for more information on accounting for different loading conditions, 
   please see the device datasheet.
INFO:Timing:3390 - This architecture does not support a default System Jitter 
   value, please add SYSTEM_JITTER constraint to the UCF to modify the Clock 
   Uncertainty calculation.
INFO:Timing:3389 - This architecture does not support 'Discrete Jitter' and 
   'Phase Error' calculations, these terms will be zero in the Clock 
   Uncertainty calculation.  Please make appropriate modification to 
   SYSTEM_JITTER to account for the unsupported Discrete Jitter and Phase 
   Error.



Data Sheet report:
-----------------
All values displayed in nanoseconds (ns)

Pad to Pad
---------------+---------------+---------+
Source Pad     |Destination Pad|  Delay  |
---------------+---------------+---------+
a_i<0>         |cout_o         |    7.848|
a_i<0>         |sum_o<0>       |    7.181|
a_i<0>         |sum_o<1>       |    7.074|
a_i<1>         |cout_o         |    6.981|
a_i<1>         |sum_o<1>       |    6.050|
b_i<0>         |cout_o         |    8.412|
b_i<0>         |sum_o<0>       |    7.916|
b_i<0>         |sum_o<1>       |    7.638|
b_i<1>         |cout_o         |    7.051|
b_i<1>         |sum_o<1>       |    6.289|
cin_i          |cout_o         |    7.623|
cin_i          |sum_o<0>       |    6.956|
cin_i          |sum_o<1>       |    6.849|
---------------+---------------+---------+


Analysis completed Fri Sep 14 14:50:49 2018 
--------------------------------------------------------------------------------

Trace Settings:
-------------------------
Trace Settings 

Peak Memory Usage: 157 MB



