---------------------------------------
Resource Usage Report for StateMachine 

Mapping to part: xc3s250etq144-4
Cell usage:
FDC             6 uses
FDCE            5 uses
FDPE            1 use
GND             1 use
LD              3 uses
LUT2            15 uses
LUT3            9 uses
LUT4            21 uses

I/O ports: 10
I/O primitives: 10
IBUF           1 use
IBUFG          1 use
OBUF           8 uses

BUFG           1 use

I/O Register bits:                  0
Register bits not including I/Os:   12 (0%)
Latch bits not including I/Os:      3 (0%)

Global Clock Buffers: 1 of 24 (4%)


Mapping Summary:
Total  LUTs: 45 (0%)

