---------------------------------------
Resource Usage Report for clock 

Mapping to part: xc3s250etq144-5
Cell usage:
FDC             46 uses
FDCE            43 uses
FDPE            7 uses
GND             15 uses
LD              21 uses
MUXCY           2 uses
MUXCY_L         51 uses
MUXF5           13 uses
VCC             15 uses
XORCY           41 uses
LUT1            45 uses
LUT2            68 uses
LUT3            54 uses
LUT4            174 uses

I/O ports: 18
I/O primitives: 18
IBUF           1 use
IBUFG          1 use
OBUF           16 uses

BUFG           1 use

I/O Register bits:                  0
Register bits not including I/Os:   96 (1%)
Latch bits not including I/Os:      21 (0%)

Global Clock Buffers: 1 of 24 (4%)


Mapping Summary:
Total  LUTs: 341 (6%)

