  main.cpp
  service.cpp
  student.cpp
e:\homework-of-2018-term_one\面向对象程序设计\lab5\project\simustudent - update\project1\project1\student.cpp(33): warning C4996: 'strcpy': This function or variable may be unsafe. Consider using strcpy_s instead. To disable deprecation, use _CRT_SECURE_NO_WARNINGS. See online help for details.
  f:\windows kits\10\include\10.0.17134.0\ucrt\string.h(133): note: 参见“strcpy”的声明
e:\homework-of-2018-term_one\面向对象程序设计\lab5\project\simustudent - update\project1\project1\student.cpp(56): warning C4996: 'strcpy': This function or variable may be unsafe. Consider using strcpy_s instead. To disable deprecation, use _CRT_SECURE_NO_WARNINGS. See online help for details.
  f:\windows kits\10\include\10.0.17134.0\ucrt\string.h(133): note: 参见“strcpy”的声明
e:\homework-of-2018-term_one\面向对象程序设计\lab5\project\simustudent - update\project1\project1\student.cpp(73): warning C4996: 'strcpy': This function or variable may be unsafe. Consider using strcpy_s instead. To disable deprecation, use _CRT_SECURE_NO_WARNINGS. See online help for details.
  f:\windows kits\10\include\10.0.17134.0\ucrt\string.h(133): note: 参见“strcpy”的声明
e:\homework-of-2018-term_one\面向对象程序设计\lab5\project\simustudent - update\project1\project1\student.cpp(77): warning C4996: 'strcpy': This function or variable may be unsafe. Consider using strcpy_s instead. To disable deprecation, use _CRT_SECURE_NO_WARNINGS. See online help for details.
  f:\windows kits\10\include\10.0.17134.0\ucrt\string.h(133): note: 参见“strcpy”的声明
e:\homework-of-2018-term_one\面向对象程序设计\lab5\project\simustudent - update\project1\project1\student.cpp(78): warning C4996: 'strcpy': This function or variable may be unsafe. Consider using strcpy_s instead. To disable deprecation, use _CRT_SECURE_NO_WARNINGS. See online help for details.
  f:\windows kits\10\include\10.0.17134.0\ucrt\string.h(133): note: 参见“strcpy”的声明
e:\homework-of-2018-term_one\面向对象程序设计\lab5\project\simustudent - update\project1\project1\student.cpp(149): warning C4996: 'strcpy': This function or variable may be unsafe. Consider using strcpy_s instead. To disable deprecation, use _CRT_SECURE_NO_WARNINGS. See online help for details.
  f:\windows kits\10\include\10.0.17134.0\ucrt\string.h(133): note: 参见“strcpy”的声明
e:\homework-of-2018-term_one\面向对象程序设计\lab5\project\simustudent - update\project1\project1\student.cpp(284): warning C4996: 'strcpy': This function or variable may be unsafe. Consider using strcpy_s instead. To disable deprecation, use _CRT_SECURE_NO_WARNINGS. See online help for details.
  f:\windows kits\10\include\10.0.17134.0\ucrt\string.h(133): note: 参见“strcpy”的声明
e:\homework-of-2018-term_one\面向对象程序设计\lab5\project\simustudent - update\project1\project1\student.cpp(285): warning C4996: 'strcpy': This function or variable may be unsafe. Consider using strcpy_s instead. To disable deprecation, use _CRT_SECURE_NO_WARNINGS. See online help for details.
  f:\windows kits\10\include\10.0.17134.0\ucrt\string.h(133): note: 参见“strcpy”的声明
  正在生成代码...
  Project1.vcxproj -> E:\Homework-of-2018-term_one\面向对象程序设计\Lab5\Project\SimuStudent - update\Project1\Debug\Project1.exe
