C51 COMPILER V9.59.0.0   MAIN                                                              09/28/2018 09:46:11 PAGE 1   


C51 COMPILER V9.59.0.0, COMPILATION OF MODULE MAIN
OBJECT MODULE PLACED IN .\main.obj
COMPILER INVOKED BY: F:\Keil_C51\C51\BIN\C51.EXE ..\Code\main.c OPTIMIZE(8,SPEED) BROWSE INCDIR(..\Code) DEBUG OBJECTEXT
                    -END PRINT(.\main.lst) TABS(2) OBJECT(.\main.obj)

line level    source

   1          #include <STC12C5A60S2.h>
   2          
   3          sbit Key1 = P3^2;
   4          
   5          sbit SM_G1 = P2^0;
   6          sbit SM_G2 = P2^1;
   7          sbit SM_G3 = P2^2;
   8          sbit SM_G4 = P2^3;
   9          
  10          unsigned short LEDNum[10] = {0x03, 0x9F, 0x25, 0x0d, 0x99, 0x49, 0x41, 0x1F, 0x01, 0x09};
  11          
  12          void main()
  13          {
  14   1        unsigned long int i = 0;
  15   1        unsigned int num = 0;
  16   1        SM_G4 = 0;
  17   1        
  18   1        while(1)
  19   1        {
  20   2          if(Key1 == 0)
  21   2          {
  22   3            P0 = LEDNum[num];
  23   3            num++;
  24   3            if(num > 9)
  25   3            {
  26   4              num = 0;
  27   4            }
  28   3            for(i = 0; i < 50000; i++);
  29   3          }
  30   2          else
  31   2          {
  32   3            num = 0;
  33   3            P0 = 0xFF;
  34   3          }
  35   2        }
  36   1      }


MODULE INFORMATION:   STATIC OVERLAYABLE
   CODE SIZE        =    110    ----
   CONSTANT SIZE    =   ----    ----
   XDATA SIZE       =   ----    ----
   PDATA SIZE       =   ----    ----
   DATA SIZE        =     20       4
   IDATA SIZE       =   ----    ----
   BIT SIZE         =   ----    ----
END OF MODULE INFORMATION.


C51 COMPILATION COMPLETE.  0 WARNING(S),  0 ERROR(S)
