C51 COMPILER V9.59.0.0   MAIN                                                              12/04/2018 23:32:00 PAGE 1   


C51 COMPILER V9.59.0.0, COMPILATION OF MODULE MAIN
OBJECT MODULE PLACED IN .\Objects\main.obj
COMPILER INVOKED BY: F:\Keil C51\C51\BIN\C51.EXE ..\Code\main.c OPTIMIZE(8,SPEED) BROWSE INCDIR(..\Code) DEBUG OBJECTEXT
                    -END PRINT(.\Listings\main.lst) TABS(2) OBJECT(.\Objects\main.obj)

line level    source

   1          #include "STC12C5A60S2.h"
   2          
   3          typedef unsigned char uint8;
   4          
   5          void Delay_ms(int DelayTimes);
   6          void Uart1_Init();
   7          
   8          void main()
   9          {
  10   1        Uart1_Init();
  11   1      
  12   1        while(1)
  13   1        {  //·¢ËÍ
  14   2          SBUF = 0x5A;
  15   2      
  16   2          while(TI == 0)
  17   2          {
  18   3            TI = 0;
  19   3          }
  20   2          
  21   2          Delay_ms(500);
  22   2        }
  23   1      }
  24          
  25          void Delay_ms(int DelayTimes)
  26          {
  27   1        int cnt;
  28   1      
  29   1        for(cnt = 1000; DelayTimes > 0; DelayTimes--)
  30   1        {
  31   2          for(; cnt > 0; cnt--);
  32   2        }
  33   1      }
  34          
  35          void Uart1_Init()
  36          {
  37   1        REN = 1;
  38   1        SM0 = 0;
  39   1        SM1 = 1;
  40   1        TR1 = 1;
  41   1        TMOD = 0x20;
  42   1        TH1 = 0xfd;
  43   1        TL1 = 0xfd;
  44   1        SCON = 0x50;
  45   1        ES = 1;
  46   1        PS = 0;
  47   1        EA = 1;
  48   1      }


MODULE INFORMATION:   STATIC OVERLAYABLE
   CODE SIZE        =     90    ----
   CONSTANT SIZE    =   ----    ----
   XDATA SIZE       =   ----    ----
C51 COMPILER V9.59.0.0   MAIN                                                              12/04/2018 23:32:00 PAGE 2   

   PDATA SIZE       =   ----    ----
   DATA SIZE        =   ----    ----
   IDATA SIZE       =   ----    ----
   BIT SIZE         =   ----    ----
END OF MODULE INFORMATION.


C51 COMPILATION COMPLETE.  0 WARNING(S),  0 ERROR(S)
