Release 14.3 - xst P.40xd (nt64)
Copyright (c) 1995-2012 Xilinx, Inc.  All rights reserved.
--> Parameter TMPDIR set to xst/projnav.tmp


Total REAL time to Xst completion: 0.00 secs
Total CPU time to Xst completion: 0.05 secs
 
--> Parameter xsthdpdir set to xst


Total REAL time to Xst completion: 0.00 secs
Total CPU time to Xst completion: 0.06 secs
 
--> Reading design: Key1x1.prj

TABLE OF CONTENTS
  1) Synthesis Options Summary
  2) HDL Compilation
  3) Design Hierarchy Analysis
  4) HDL Analysis
  5) HDL Synthesis
     5.1) HDL Synthesis Report
  6) Advanced HDL Synthesis
     6.1) Advanced HDL Synthesis Report
  7) Low Level Synthesis
  8) Partition Report
  9) Final Report
	9.1) Device utilization summary
	9.2) Partition Resource Summary
	9.3) TIMING REPORT


=========================================================================
*                      Synthesis Options Summary                        *
=========================================================================
---- Source Parameters
Input File Name                    : "Key1x1.prj"
Input Format                       : mixed
Ignore Synthesis Constraint File   : NO

---- Target Parameters
Output File Name                   : "Key1x1"
Output Format                      : NGC
Target Device                      : xc3s250e-4-tq144

---- Source Options
Top Module Name                    : Key1x1
Automatic FSM Extraction           : YES
FSM Encoding Algorithm             : Auto
Safe Implementation                : No
FSM Style                          : LUT
RAM Extraction                     : Yes
RAM Style                          : Auto
ROM Extraction                     : Yes
Mux Style                          : Auto
Decoder Extraction                 : YES
Priority Encoder Extraction        : Yes
Shift Register Extraction          : YES
Logical Shifter Extraction         : YES
XOR Collapsing                     : YES
ROM Style                          : Auto
Mux Extraction                     : Yes
Resource Sharing                   : YES
Asynchronous To Synchronous        : NO
Multiplier Style                   : Auto
Automatic Register Balancing       : No

---- Target Options
Add IO Buffers                     : YES
Global Maximum Fanout              : 100000
Add Generic Clock Buffer(BUFG)     : 24
Register Duplication               : YES
Slice Packing                      : YES
Optimize Instantiated Primitives   : NO
Use Clock Enable                   : Yes
Use Synchronous Set                : Yes
Use Synchronous Reset              : Yes
Pack IO Registers into IOBs        : Auto
Equivalent register Removal        : YES

---- General Options
Optimization Goal                  : Speed
Optimization Effort                : 1
Keep Hierarchy                     : No
Netlist Hierarchy                  : As_Optimized
RTL Output                         : Yes
Global Optimization                : AllClockNets
Read Cores                         : YES
Write Timing Constraints           : NO
Cross Clock Analysis               : NO
Hierarchy Separator                : /
Bus Delimiter                      : <>
Case Specifier                     : Maintain
Slice Utilization Ratio            : 100
BRAM Utilization Ratio             : 100
Verilog 2001                       : YES
Auto BRAM Packing                  : NO
Slice Utilization Ratio Delta      : 5

=========================================================================


=========================================================================
*                          HDL Compilation                              *
=========================================================================
Compiling vhdl file "D:/FPGALab/product/Lab5_debug/Code/clk_gen_50hz.vhd" in Library work.
Architecture rtl of Entity clk_gen_50hz is up to date.
Compiling vhdl file "D:/FPGALab/product/Lab5_debug/Code/clr_jitter_with_reg.vhd" in Library work.
Architecture rtl of Entity clr_jitter_with_reg is up to date.
Compiling vhdl file "D:/FPGALab/product/Lab5_debug/Code/Key1x1.vhd" in Library work.
Architecture rtl of Entity key1x1 is up to date.

=========================================================================
*                     Design Hierarchy Analysis                         *
=========================================================================
Analyzing hierarchy for entity <Key1x1> in library <work> (architecture <rtl>).

Analyzing hierarchy for entity <clr_jitter_with_reg> in library <work> (architecture <rtl>).

Analyzing hierarchy for entity <clk_gen_50hz> in library <work> (architecture <rtl>) with generics.
	CNT_HALF = 500000
	CNT_MAX = 1000000


=========================================================================
*                            HDL Analysis                               *
=========================================================================
Analyzing Entity <Key1x1> in library <work> (Architecture <rtl>).
Entity <Key1x1> analyzed. Unit <Key1x1> generated.

Analyzing Entity <clr_jitter_with_reg> in library <work> (Architecture <rtl>).
Entity <clr_jitter_with_reg> analyzed. Unit <clr_jitter_with_reg> generated.

Analyzing generic Entity <clk_gen_50hz> in library <work> (Architecture <rtl>).
	CNT_HALF = 500000
	CNT_MAX = 1000000
Entity <clk_gen_50hz> analyzed. Unit <clk_gen_50hz> generated.


=========================================================================
*                           HDL Synthesis                               *
=========================================================================

Performing bidirectional port resolution...

Synthesizing Unit <clk_gen_50hz>.
    Related source file is "D:/FPGALab/product/Lab5_debug/Code/clk_gen_50hz.vhd".
    Found 1-bit register for signal <clk_o>.
    Found 20-bit up counter for signal <s_cnt>.
    Summary:
	inferred   1 Counter(s).
	inferred   1 D-type flip-flop(s).
Unit <clk_gen_50hz> synthesized.


Synthesizing Unit <clr_jitter_with_reg>.
    Related source file is "D:/FPGALab/product/Lab5_debug/Code/clr_jitter_with_reg.vhd".
    Found 1-bit register for signal <x>.
    Found 1-bit register for signal <y>.
    Summary:
	inferred   2 D-type flip-flop(s).
Unit <clr_jitter_with_reg> synthesized.


Synthesizing Unit <Key1x1>.
    Related source file is "D:/FPGALab/product/Lab5_debug/Code/Key1x1.vhd".
    Found 4-bit up counter for signal <s_cnt>.
    Summary:
	inferred   1 Counter(s).
Unit <Key1x1> synthesized.


=========================================================================
HDL Synthesis Report

Macro Statistics
# Counters                                             : 2
 20-bit up counter                                     : 1
 4-bit up counter                                      : 1
# Registers                                            : 3
 1-bit register                                        : 3

=========================================================================

=========================================================================
*                       Advanced HDL Synthesis                          *
=========================================================================


=========================================================================
Advanced HDL Synthesis Report

Macro Statistics
# Counters                                             : 2
 20-bit up counter                                     : 1
 4-bit up counter                                      : 1
# Registers                                            : 3
 Flip-Flops                                            : 3

=========================================================================

=========================================================================
*                         Low Level Synthesis                           *
=========================================================================

Optimizing unit <Key1x1> ...

Optimizing unit <clk_gen_50hz> ...

Mapping all equations...
Building and optimizing final netlist ...
Found area constraint ratio of 100 (+ 5) on block Key1x1, actual ratio is 1.

Final Macro Processing ...

=========================================================================
Final Register Report

Macro Statistics
# Registers                                            : 27
 Flip-Flops                                            : 27

=========================================================================

=========================================================================
*                           Partition Report                            *
=========================================================================

Partition Implementation Status
-------------------------------

  No Partitions were found in this design.

-------------------------------

=========================================================================
*                            Final Report                               *
=========================================================================
Final Results
RTL Top Level Output File Name     : Key1x1.ngr
Top Level Output File Name         : Key1x1
Output Format                      : NGC
Optimization Goal                  : Speed
Keep Hierarchy                     : No

Design Statistics
# IOs                              : 7

Cell Usage :
# BELS                             : 103
#      GND                         : 1
#      INV                         : 6
#      LUT1                        : 19
#      LUT2                        : 4
#      LUT3                        : 2
#      LUT4                        : 26
#      LUT4_D                      : 2
#      LUT4_L                      : 3
#      MUXCY                       : 19
#      VCC                         : 1
#      XORCY                       : 20
# FlipFlops/Latches                : 27
#      FDC                         : 27
# Clock Buffers                    : 1
#      BUFGP                       : 1
# IO Buffers                       : 6
#      IBUF                        : 2
#      OBUF                        : 4
=========================================================================

Device utilization summary:
---------------------------

Selected Device : 3s250etq144-4 

 Number of Slices:                       31  out of   2448     1%  
 Number of Slice Flip Flops:             27  out of   4896     0%  
 Number of 4 input LUTs:                 62  out of   4896     1%  
 Number of IOs:                           7
 Number of bonded IOBs:                   7  out of    108     6%  
 Number of GCLKs:                         1  out of     24     4%  

---------------------------
Partition Resource Summary:
---------------------------

  No Partitions were found in this design.

---------------------------


=========================================================================
TIMING REPORT

NOTE: THESE TIMING NUMBERS ARE ONLY A SYNTHESIS ESTIMATE.
      FOR ACCURATE TIMING INFORMATION PLEASE REFER TO THE TRACE REPORT
      GENERATED AFTER PLACE-and-ROUTE.

Clock Information:
------------------
---------------------------------------------------------+------------------------------+-------+
Clock Signal                                             | Clock buffer(FF name)        | Load  |
---------------------------------------------------------+------------------------------+-------+
i_clr_jitter_with_reg/i_clk_gen_50hz/clk_o               | NONE(i_clr_jitter_with_reg/y)| 2     |
s_btn_after_clr_jitter(i_clr_jitter_with_reg/button_o1:O)| NONE(*)(s_cnt_0)             | 4     |
clk_50mhz_i                                              | BUFGP                        | 21    |
---------------------------------------------------------+------------------------------+-------+
(*) This 1 clock signal(s) are generated by combinatorial logic,
and XST is not able to identify which are the primary clock signals.
Please use the CLOCK_SIGNAL constraint to specify the clock signal(s) generated by combinatorial logic.
INFO:Xst:2169 - HDL ADVISOR - Some clock signals were not automatically buffered by XST with BUFG/BUFR resources. Please use the buffer_type constraint in order to insert these buffers to the clock signals to help prevent skew problems.

Asynchronous Control Signals Information:
----------------------------------------
--------------------------------------------------------------------------------------------+-------------------------------------------------+-------+
Control Signal                                                                              | Buffer(FF name)                                 | Load  |
--------------------------------------------------------------------------------------------+-------------------------------------------------+-------+
i_clr_jitter_with_reg/i_clk_gen_50hz/rst_n_i_inv(i_clr_jitter_with_reg/rst_n_i_inv1_INV_0:O)| NONE(i_clr_jitter_with_reg/i_clk_gen_50hz/clk_o)| 27    |
--------------------------------------------------------------------------------------------+-------------------------------------------------+-------+

Timing Summary:
---------------
Speed Grade: -4

   Minimum period: 5.624ns (Maximum Frequency: 177.809MHz)
   Minimum input arrival time before clock: 1.946ns
   Maximum output required time after clock: 5.601ns
   Maximum combinational path delay: No path found

Timing Detail:
--------------
All values displayed in nanoseconds (ns)

=========================================================================
Timing constraint: Default period analysis for Clock 'i_clr_jitter_with_reg/i_clk_gen_50hz/clk_o'
  Clock period: 1.346ns (frequency: 742.942MHz)
  Total number of paths / destination ports: 1 / 1
-------------------------------------------------------------------------
Delay:               1.346ns (Levels of Logic = 0)
  Source:            i_clr_jitter_with_reg/x (FF)
  Destination:       i_clr_jitter_with_reg/y (FF)
  Source Clock:      i_clr_jitter_with_reg/i_clk_gen_50hz/clk_o rising
  Destination Clock: i_clr_jitter_with_reg/i_clk_gen_50hz/clk_o rising

  Data Path: i_clr_jitter_with_reg/x to i_clr_jitter_with_reg/y
                                Gate     Net
    Cell:in->out      fanout   Delay   Delay  Logical Name (Net Name)
    ----------------------------------------  ------------
     FDC:C->Q              2   0.591   0.447  i_clr_jitter_with_reg/x (i_clr_jitter_with_reg/x)
     FDC:D                     0.308          i_clr_jitter_with_reg/y
    ----------------------------------------
    Total                      1.346ns (0.899ns logic, 0.447ns route)
                                       (66.8% logic, 33.2% route)

=========================================================================
Timing constraint: Default period analysis for Clock 's_btn_after_clr_jitter'
  Clock period: 2.637ns (frequency: 379.219MHz)
  Total number of paths / destination ports: 10 / 4
-------------------------------------------------------------------------
Delay:               2.637ns (Levels of Logic = 1)
  Source:            s_cnt_0 (FF)
  Destination:       s_cnt_0 (FF)
  Source Clock:      s_btn_after_clr_jitter rising
  Destination Clock: s_btn_after_clr_jitter rising

  Data Path: s_cnt_0 to s_cnt_0
                                Gate     Net
    Cell:in->out      fanout   Delay   Delay  Logical Name (Net Name)
    ----------------------------------------  ------------
     FDC:C->Q              4   0.591   0.587  s_cnt_0 (s_cnt_0)
     INV:I->O              2   0.704   0.447  led_o<0>1_INV_0 (led_o_0_OBUF)
     FDC:D                     0.308          s_cnt_0
    ----------------------------------------
    Total                      2.637ns (1.603ns logic, 1.034ns route)
                                       (60.8% logic, 39.2% route)

=========================================================================
Timing constraint: Default period analysis for Clock 'clk_50mhz_i'
  Clock period: 5.624ns (frequency: 177.809MHz)
  Total number of paths / destination ports: 639 / 21
-------------------------------------------------------------------------
Delay:               5.624ns (Levels of Logic = 21)
  Source:            i_clr_jitter_with_reg/i_clk_gen_50hz/s_cnt_1 (FF)
  Destination:       i_clr_jitter_with_reg/i_clk_gen_50hz/s_cnt_19 (FF)
  Source Clock:      clk_50mhz_i rising
  Destination Clock: clk_50mhz_i rising

  Data Path: i_clr_jitter_with_reg/i_clk_gen_50hz/s_cnt_1 to i_clr_jitter_with_reg/i_clk_gen_50hz/s_cnt_19
                                Gate     Net
    Cell:in->out      fanout   Delay   Delay  Logical Name (Net Name)
    ----------------------------------------  ------------
     FDC:C->Q              2   0.591   0.622  i_clr_jitter_with_reg/i_clk_gen_50hz/s_cnt_1 (i_clr_jitter_with_reg/i_clk_gen_50hz/s_cnt_1)
     LUT1:I0->O            1   0.704   0.000  i_clr_jitter_with_reg/i_clk_gen_50hz/Mcount_s_cnt_cy<1>_rt (i_clr_jitter_with_reg/i_clk_gen_50hz/Mcount_s_cnt_cy<1>_rt)
     MUXCY:S->O            1   0.464   0.000  i_clr_jitter_with_reg/i_clk_gen_50hz/Mcount_s_cnt_cy<1> (i_clr_jitter_with_reg/i_clk_gen_50hz/Mcount_s_cnt_cy<1>)
     MUXCY:CI->O           1   0.059   0.000  i_clr_jitter_with_reg/i_clk_gen_50hz/Mcount_s_cnt_cy<2> (i_clr_jitter_with_reg/i_clk_gen_50hz/Mcount_s_cnt_cy<2>)
     MUXCY:CI->O           1   0.059   0.000  i_clr_jitter_with_reg/i_clk_gen_50hz/Mcount_s_cnt_cy<3> (i_clr_jitter_with_reg/i_clk_gen_50hz/Mcount_s_cnt_cy<3>)
     MUXCY:CI->O           1   0.059   0.000  i_clr_jitter_with_reg/i_clk_gen_50hz/Mcount_s_cnt_cy<4> (i_clr_jitter_with_reg/i_clk_gen_50hz/Mcount_s_cnt_cy<4>)
     MUXCY:CI->O           1   0.059   0.000  i_clr_jitter_with_reg/i_clk_gen_50hz/Mcount_s_cnt_cy<5> (i_clr_jitter_with_reg/i_clk_gen_50hz/Mcount_s_cnt_cy<5>)
     MUXCY:CI->O           1   0.059   0.000  i_clr_jitter_with_reg/i_clk_gen_50hz/Mcount_s_cnt_cy<6> (i_clr_jitter_with_reg/i_clk_gen_50hz/Mcount_s_cnt_cy<6>)
     MUXCY:CI->O           1   0.059   0.000  i_clr_jitter_with_reg/i_clk_gen_50hz/Mcount_s_cnt_cy<7> (i_clr_jitter_with_reg/i_clk_gen_50hz/Mcount_s_cnt_cy<7>)
     MUXCY:CI->O           1   0.059   0.000  i_clr_jitter_with_reg/i_clk_gen_50hz/Mcount_s_cnt_cy<8> (i_clr_jitter_with_reg/i_clk_gen_50hz/Mcount_s_cnt_cy<8>)
     MUXCY:CI->O           1   0.059   0.000  i_clr_jitter_with_reg/i_clk_gen_50hz/Mcount_s_cnt_cy<9> (i_clr_jitter_with_reg/i_clk_gen_50hz/Mcount_s_cnt_cy<9>)
     MUXCY:CI->O           1   0.059   0.000  i_clr_jitter_with_reg/i_clk_gen_50hz/Mcount_s_cnt_cy<10> (i_clr_jitter_with_reg/i_clk_gen_50hz/Mcount_s_cnt_cy<10>)
     MUXCY:CI->O           1   0.059   0.000  i_clr_jitter_with_reg/i_clk_gen_50hz/Mcount_s_cnt_cy<11> (i_clr_jitter_with_reg/i_clk_gen_50hz/Mcount_s_cnt_cy<11>)
     MUXCY:CI->O           1   0.059   0.000  i_clr_jitter_with_reg/i_clk_gen_50hz/Mcount_s_cnt_cy<12> (i_clr_jitter_with_reg/i_clk_gen_50hz/Mcount_s_cnt_cy<12>)
     MUXCY:CI->O           1   0.059   0.000  i_clr_jitter_with_reg/i_clk_gen_50hz/Mcount_s_cnt_cy<13> (i_clr_jitter_with_reg/i_clk_gen_50hz/Mcount_s_cnt_cy<13>)
     MUXCY:CI->O           1   0.059   0.000  i_clr_jitter_with_reg/i_clk_gen_50hz/Mcount_s_cnt_cy<14> (i_clr_jitter_with_reg/i_clk_gen_50hz/Mcount_s_cnt_cy<14>)
     MUXCY:CI->O           1   0.059   0.000  i_clr_jitter_with_reg/i_clk_gen_50hz/Mcount_s_cnt_cy<15> (i_clr_jitter_with_reg/i_clk_gen_50hz/Mcount_s_cnt_cy<15>)
     MUXCY:CI->O           1   0.059   0.000  i_clr_jitter_with_reg/i_clk_gen_50hz/Mcount_s_cnt_cy<16> (i_clr_jitter_with_reg/i_clk_gen_50hz/Mcount_s_cnt_cy<16>)
     MUXCY:CI->O           1   0.059   0.000  i_clr_jitter_with_reg/i_clk_gen_50hz/Mcount_s_cnt_cy<17> (i_clr_jitter_with_reg/i_clk_gen_50hz/Mcount_s_cnt_cy<17>)
     MUXCY:CI->O           0   0.059   0.000  i_clr_jitter_with_reg/i_clk_gen_50hz/Mcount_s_cnt_cy<18> (i_clr_jitter_with_reg/i_clk_gen_50hz/Mcount_s_cnt_cy<18>)
     XORCY:CI->O           1   0.804   0.424  i_clr_jitter_with_reg/i_clk_gen_50hz/Mcount_s_cnt_xor<19> (i_clr_jitter_with_reg/i_clk_gen_50hz/Result<19>)
     LUT4:I3->O            1   0.704   0.000  i_clr_jitter_with_reg/i_clk_gen_50hz/Mcount_s_cnt_eqn_191 (i_clr_jitter_with_reg/i_clk_gen_50hz/Mcount_s_cnt_eqn_19)
     FDC:D                     0.308          i_clr_jitter_with_reg/i_clk_gen_50hz/s_cnt_19
    ----------------------------------------
    Total                      5.624ns (4.578ns logic, 1.046ns route)
                                       (81.4% logic, 18.6% route)

=========================================================================
Timing constraint: Default OFFSET IN BEFORE for Clock 'i_clr_jitter_with_reg/i_clk_gen_50hz/clk_o'
  Total number of paths / destination ports: 1 / 1
-------------------------------------------------------------------------
Offset:              1.946ns (Levels of Logic = 1)
  Source:            button_i (PAD)
  Destination:       i_clr_jitter_with_reg/x (FF)
  Destination Clock: i_clr_jitter_with_reg/i_clk_gen_50hz/clk_o rising

  Data Path: button_i to i_clr_jitter_with_reg/x
                                Gate     Net
    Cell:in->out      fanout   Delay   Delay  Logical Name (Net Name)
    ----------------------------------------  ------------
     IBUF:I->O             1   1.218   0.420  button_i_IBUF (button_i_IBUF)
     FDC:D                     0.308          i_clr_jitter_with_reg/x
    ----------------------------------------
    Total                      1.946ns (1.526ns logic, 0.420ns route)
                                       (78.4% logic, 21.6% route)

=========================================================================
Timing constraint: Default OFFSET OUT AFTER for Clock 's_btn_after_clr_jitter'
  Total number of paths / destination ports: 4 / 4
-------------------------------------------------------------------------
Offset:              5.601ns (Levels of Logic = 2)
  Source:            s_cnt_0 (FF)
  Destination:       led_o<0> (PAD)
  Source Clock:      s_btn_after_clr_jitter rising

  Data Path: s_cnt_0 to led_o<0>
                                Gate     Net
    Cell:in->out      fanout   Delay   Delay  Logical Name (Net Name)
    ----------------------------------------  ------------
     FDC:C->Q              4   0.591   0.587  s_cnt_0 (s_cnt_0)
     INV:I->O              2   0.704   0.447  led_o<0>1_INV_0 (led_o_0_OBUF)
     OBUF:I->O                 3.272          led_o_0_OBUF (led_o<0>)
    ----------------------------------------
    Total                      5.601ns (4.567ns logic, 1.034ns route)
                                       (81.5% logic, 18.5% route)

=========================================================================


Total REAL time to Xst completion: 3.00 secs
Total CPU time to Xst completion: 3.42 secs
 
--> 

Total memory usage is 254696 kilobytes

Number of errors   :    0 (   0 filtered)
Number of warnings :    0 (   0 filtered)
Number of infos    :    1 (   0 filtered)

