---------------------------------------
Resource Usage Report for Seg7_digital_LED 

Mapping to part: xc3s250etq144-5
Cell usage:
FDC             21 uses
FDCE            2 uses
FDPE            7 uses
GND             4 uses
MUXCY_L         15 uses
VCC             4 uses
XORCY           16 uses
LUT1            16 uses
LUT2            8 uses
LUT3            15 uses
LUT4            24 uses

I/O ports: 18
I/O primitives: 18
IBUF           1 use
IBUFG          1 use
OBUF           16 uses

BUFG           1 use

I/O Register bits:                  0
Register bits not including I/Os:   30 (0%)

Global Clock Buffers: 1 of 24 (4%)


Mapping Summary:
Total  LUTs: 63 (1%)

